Flow05        +2.51120980E-01
Flow08        +4.83300550E-01
fcob05        +8.29277674E-02
fcob06        +3.41638692E-02
fcob08        +3.32198846E-02
orgn05        +7.21506984E+01
orgn06        +5.45309042E+01
orgn08        +2.20392458E+01
nh405         +2.67491983E+01
nh406         +1.16318166E+01
nh408         +5.58413652E+00
no305         +1.99113124E+01
no306         +1.68237275E+01
no308         +6.67114371E+00
orgp05        +2.32810590E+00
orgp06        +1.46407312E+00
orgp08        +1.31698247E+00
inorgp05      -1.00000000E+00
inorgp06      -1.00000000E+00
inorgp08      -1.00000000E+00
doave0500     +8.29922650E+00
doave0600     +8.27160939E+00
doave0800     +8.83022656E+00
doave0501     +8.18515165E+00
doave0601     +8.21983338E+00
doave0801     +8.77454568E+00
doave0502     +8.09656001E+00
doave0602     +8.17411984E+00
doave0802     +8.72476612E+00
doave0503     +8.01486052E+00
doave0603     +8.12564531E+00
doave0803     +8.67115628E+00
doave0504     +7.94587819E+00
doave0604     +8.07914729E+00
doave0804     +8.61885758E+00
doave0505     +7.89362012E+00
doave0605     +8.03875903E+00
doave0805     +8.57262340E+00
doave0506     +7.85749068E+00
doave0606     +8.00259799E+00
doave0806     +8.53765413E+00
doave0507     +7.96466300E+00
doave0607     +8.01710079E+00
doave0807     +8.64280162E+00
doave0508     +8.52500234E+00
doave0608     +8.15354142E+00
doave0808     +8.82036829E+00
doave0509     +9.27237195E+00
doave0609     +8.32145887E+00
doave0809     +8.92635057E+00
doave0510     +9.58389140E+00
doave0610     +8.39490934E+00
doave0810     +8.97600254E+00
doave0511     +9.65976887E+00
doave0611     +8.43645347E+00
doave0811     +9.00861551E+00
doave0512     +9.66070556E+00
doave0612     +8.47323341E+00
doave0812     +9.03906211E+00
doave0513     +9.62164128E+00
doave0613     +8.50054038E+00
doave0813     +9.06305361E+00
doave0514     +9.56431805E+00
doave0614     +8.51849056E+00
doave0814     +9.07963813E+00
doave0515     +9.48630301E+00
doave0615     +8.53149130E+00
doave0815     +9.09164801E+00
doave0516     +9.40962303E+00
doave0616     +8.53764595E+00
doave0816     +9.09974153E+00
doave0517     +9.33808328E+00
doave0617     +8.53944987E+00
doave0817     +9.10425950E+00
doave0518     +9.25032600E+00
doave0618     +8.53494142E+00
doave0818     +9.10351255E+00
doave0519     +9.10327165E+00
doave0619     +8.51623626E+00
doave0819     +9.08844996E+00
doave0520     +8.92189037E+00
doave0620     +8.47838982E+00
doave0820     +9.05171279E+00
doave0521     +8.73039482E+00
doave0621     +8.42469857E+00
doave0821     +8.99547493E+00
doave0522     +8.56189354E+00
doave0622     +8.37067138E+00
doave0822     +8.93851026E+00
doave0523     +8.42778198E+00
doave0623     +8.32197032E+00
doave0823     +8.88692624E+00
domin0500     +8.24539687E+00
domin0600     +8.24784884E+00
domin0800     +8.80478156E+00
domin0501     +8.14685128E+00
domin0601     +8.20132221E+00
domin0801     +8.75449269E+00
domin0502     +8.06471367E+00
domin0602     +8.15618962E+00
domin0802     +8.70507622E+00
domin0503     +7.98143913E+00
domin0603     +8.10416397E+00
domin0803     +8.64714951E+00
domin0504     +7.92348301E+00
domin0604     +8.06270484E+00
domin0804     +8.60015959E+00
domin0505     +7.87489699E+00
domin0605     +8.02303650E+00
domin0805     +8.55444109E+00
domin0506     +7.84966541E+00
domin0606     +7.99578636E+00
domin0806     +8.52890295E+00
domin0507     +7.88634693E+00
domin0607     +8.00144823E+00
domin0807     +8.57380177E+00
domin0508     +8.14838347E+00
domin0608     +8.06044833E+00
domin0808     +8.75363365E+00
domin0509     +9.00883215E+00
domin0609     +8.26579762E+00
domin0809     +8.89466520E+00
domin0510     +9.52213325E+00
domin0610     +8.37549731E+00
domin0810     +8.96114838E+00
domin0511     +9.64340618E+00
domin0611     +8.42106808E+00
domin0811     +8.99637978E+00
domin0512     +9.64777968E+00
domin0612     +8.45785670E+00
domin0812     +9.02596986E+00
domin0513     +9.60124288E+00
domin0613     +8.49202340E+00
domin0813     +9.05538911E+00
domin0514     +9.53815148E+00
domin0614     +8.51223614E+00
domin0814     +9.07370537E+00
domin0515     +9.45052116E+00
domin0615     +8.52670451E+00
domin0815     +9.08749884E+00
domin0516     +9.38319017E+00
domin0616     +8.53634421E+00
domin0816     +9.09723413E+00
domin0517     +9.30807186E+00
domin0617     +8.53920974E+00
domin0817     +9.10292100E+00
domin0518     +9.20685508E+00
domin0618     +8.53063101E+00
domin0818     +9.10087808E+00
domin0519     +9.03240580E+00
domin0619     +8.50468883E+00
domin0819     +9.07790034E+00
domin0520     +8.84861042E+00
domin0620     +8.45910915E+00
domin0820     +9.03173008E+00
domin0521     +8.65001210E+00
domin0621     +8.40010467E+00
domin0821     +8.96956670E+00
domin0522     +8.50554084E+00
domin0622     +8.35110053E+00
domin0822     +8.91783045E+00
domin0523     +8.37808676E+00
domin0623     +8.30264235E+00
domin0823     +8.86637160E+00
domax0500     +8.35488431E+00
domax0600     +8.29550500E+00
domax0800     +8.85574664E+00
domax0501     +8.22455954E+00
domax0601     +8.23844619E+00
domax0801     +8.79466277E+00
domax0502     +8.12936070E+00
domax0602     +8.19217425E+00
domax0802     +8.74453400E+00
domax0503     +8.04972637E+00
domax0603     +8.14735189E+00
domax0803     +8.69531235E+00
domax0504     +7.96905301E+00
domax0604     +8.09573146E+00
domax0804     +8.63765435E+00
domax0505     +7.91304661E+00
domax0605     +8.05462653E+00
domax0805     +8.59091137E+00
domax0506     +7.86621954E+00
domax0606     +8.01532052E+00
domax0806     +8.54966117E+00
domax0507     +8.06061609E+00
domax0607     +8.03841606E+00
domax0807     +8.71626364E+00
domax0508     +8.86978028E+00
domax0608     +8.23528882E+00
domax0808     +8.87609277E+00
domax0509     +9.47140164E+00
domax0609     +8.36372370E+00
domax0809     +8.95252334E+00
domax0510     +9.63041185E+00
domax0610     +8.41293156E+00
domax0810     +8.98997392E+00
domax0511     +9.66911323E+00
domax0611     +8.45109447E+00
domax0811     +9.02039669E+00
domax0512     +9.66890874E+00
domax0612     +8.48736620E+00
domax0812     +9.05122784E+00
domax0513     +9.64036104E+00
domax0613     +8.50863870E+00
domax0813     +9.07038585E+00
domax0514     +9.58961772E+00
domax0614     +8.52427389E+00
domax0814     +9.08521033E+00
domax0515     +9.52388501E+00
domax0615     +8.53557887E+00
domax0815     +9.09575902E+00
domax0516     +9.43652401E+00
domax0616     +8.53881635E+00
domax0816     +9.10201369E+00
domax0517     +9.36952880E+00
domax0617     +8.53958139E+00
domax0817     +9.10526025E+00
domax0518     +9.29326575E+00
domax0618     +8.53891243E+00
domax0818     +9.10532760E+00
domax0519     +9.17389319E+00
domax0619     +8.52658039E+00
domax0819     +9.09755736E+00
domax0520     +8.99604589E+00
domax0620     +8.49716937E+00
domax0820     +9.07062627E+00
domax0521     +8.81344965E+00
domax0621     +8.44928843E+00
domax0821     +9.02137838E+00
domax0522     +8.61966669E+00
domax0622     +8.39027624E+00
domax0822     +8.95920641E+00
domax0523     +8.47874817E+00
domax0623     +8.34135556E+00
domax0823     +8.90751087E+00
tempave0500   +1.98219322E+01
tempave0600   +2.08292350E+01
tempave0800   +2.02638341E+01
tempave0501   +1.95156892E+01
tempave0601   +2.05880676E+01
tempave0801   +2.00736937E+01
tempave0502   +1.92297277E+01
tempave0602   +2.03600427E+01
tempave0802   +1.98916515E+01
tempave0503   +1.89210447E+01
tempave0603   +2.01090445E+01
tempave0803   +1.96900898E+01
tempave0504   +1.86310499E+01
tempave0604   +1.98670662E+01
tempave0804   +1.94957909E+01
tempave0505   +1.83872714E+01
tempave0605   +1.96580580E+01
tempave0805   +1.93284231E+01
tempave0506   +1.81475958E+01
tempave0606   +1.94457375E+01
tempave0806   +1.91604837E+01
tempave0507   +1.79474360E+01
tempave0607   +1.92600717E+01
tempave0807   +1.90307166E+01
tempave0508   +1.78452237E+01
tempave0608   +1.91491830E+01
tempave0808   +1.89828700E+01
tempave0509   +1.78894575E+01
tempave0609   +1.91677811E+01
tempave0809   +1.90277176E+01
tempave0510   +1.81149510E+01
tempave0610   +1.93486241E+01
tempave0810   +1.91824484E+01
tempave0511   +1.85601610E+01
tempave0611   +1.96687665E+01
tempave0811   +1.94294133E+01
tempave0512   +1.93702221E+01
tempave0612   +2.02669617E+01
tempave0812   +1.98372653E+01
tempave0513   +2.03511756E+01
tempave0613   +2.08857944E+01
tempave0813   +2.02913815E+01
tempave0514   +2.11974002E+01
tempave0614   +2.13372306E+01
tempave0814   +2.06619039E+01
tempave0515   +2.17161303E+01
tempave0615   +2.17782575E+01
tempave0815   +2.09430647E+01
tempave0516   +2.18515205E+01
tempave0616   +2.20360627E+01
tempave0816   +2.10847716E+01
tempave0517   +2.18095452E+01
tempave0617   +2.21122404E+01
tempave0817   +2.11593555E+01
tempave0518   +2.15973016E+01
tempave0618   +2.20673902E+01
tempave0818   +2.11599717E+01
tempave0519   +2.13031623E+01
tempave0619   +2.19072514E+01
tempave0819   +2.10705752E+01
tempave0520   +2.10148122E+01
tempave0620   +2.17187270E+01
tempave0820   +2.09398338E+01
tempave0521   +2.07055691E+01
tempave0621   +2.14989201E+01
tempave0821   +2.07777786E+01
tempave0522   +2.03963134E+01
tempave0622   +2.12710706E+01
tempave0822   +2.06053540E+01
tempave0523   +2.01163735E+01
tempave0623   +2.10588441E+01
tempave0823   +2.04419381E+01
tempmin0500   +1.96856145E+01
tempmin0600   +2.07221891E+01
tempmin0800   +2.01799894E+01
tempmin0501   +1.94015482E+01
tempmin0601   +2.04975994E+01
tempmin0801   +2.00017222E+01
tempmin0502   +1.91155556E+01
tempmin0602   +2.02681146E+01
tempmin0802   +1.98179314E+01
tempmin0503   +1.87856709E+01
tempmin0603   +1.99971820E+01
tempmin0803   +1.96002147E+01
tempmin0504   +1.85303347E+01
tempmin0604   +1.97816189E+01
tempmin0804   +1.94272638E+01
tempmin0505   +1.82951459E+01
tempmin0605   +1.95776343E+01
tempmin0805   +1.92642320E+01
tempmin0506   +1.80487480E+01
tempmin0606   +1.93563265E+01
tempmin0806   +1.90920274E+01
tempmin0507   +1.78856931E+01
tempmin0607   +1.91998803E+01
tempmin0807   +1.89973549E+01
tempmin0508   +1.78359481E+01
tempmin0608   +1.91294114E+01
tempmin0808   +1.89798974E+01
tempmin0509   +1.78392381E+01
tempmin0609   +1.91269326E+01
tempmin0809   +1.89927713E+01
tempmin0510   +1.79993176E+01
tempmin0610   +1.92568716E+01
tempmin0810   +1.91040772E+01
tempmin0511   +1.83112906E+01
tempmin0611   +1.95040128E+01
tempmin0811   +1.93134053E+01
tempmin0512   +1.89441565E+01
tempmin0612   +1.99333962E+01
tempmin0812   +1.96162592E+01
tempmin0513   +1.99816311E+01
tempmin0613   +2.07010755E+01
tempmin0813   +2.01390730E+01
tempmin0514   +2.08812508E+01
tempmin0614   +2.11607545E+01
tempmin0814   +2.05171633E+01
tempmin0515   +2.16239314E+01
tempmin0615   +2.15918250E+01
tempmin0815   +2.08649294E+01
tempmin0516   +2.18246488E+01
tempmin0616   +2.19871623E+01
tempmin0816   +2.10421407E+01
tempmin0517   +2.17463030E+01
tempmin0617   +2.20952376E+01
tempmin0817   +2.11379353E+01
tempmin0518   +2.14802325E+01
tempmin0618   +2.20095194E+01
tempmin0818   +2.11345985E+01
tempmin0519   +2.11861938E+01
tempmin0619   +2.18351388E+01
tempmin0819   +2.10226949E+01
tempmin0520   +2.09015662E+01
tempmin0620   +2.16397941E+01
tempmin0820   +2.08824642E+01
tempmin0521   +2.05655081E+01
tempmin0621   +2.13968912E+01
tempmin0821   +2.07012300E+01
tempmin0522   +2.02833214E+01
tempmin0622   +2.11863255E+01
tempmin0822   +2.05403964E+01
tempmin0523   +2.00076388E+01
tempmin0623   +2.09749165E+01
tempmin0823   +2.03770491E+01
tempmax0500   +1.99553755E+01
tempmax0600   +2.09340040E+01
tempmax0800   +2.03454377E+01
tempmax0501   +1.96293835E+01
tempmax0601   +2.06779475E+01
tempmax0801   +2.01450413E+01
tempmax0502   +1.93441827E+01
tempmax0602   +2.04518780E+01
tempmax0802   +1.99652062E+01
tempmax0503   +1.90588734E+01
tempmax0603   +2.02221463E+01
tempmax0803   +1.97809882E+01
tempmax0504   +1.87331661E+01
tempmax0604   +1.99532854E+01
tempmax0804   +1.95649664E+01
tempmax0505   +1.84813564E+01
tempmax0605   +1.97396647E+01
tempmax0805   +1.93936484E+01
tempmax0506   +1.82509898E+01
tempmax0606   +1.95385860E+01
tempmax0806   +1.92331546E+01
tempmax0507   +1.80126708E+01
tempmax0607   +1.93227115E+01
tempmax0807   +1.90686514E+01
tempmax0508   +1.78606866E+01
tempmax0608   +1.91740513E+01
tempmax0808   +1.89861496E+01
tempmax0509   +1.79506616E+01
tempmax0609   +1.92190318E+01
tempmax0809   +1.90718177E+01
tempmax0510   +1.82360972E+01
tempmax0610   +1.94460480E+01
tempmax0810   +1.92657992E+01
tempmax0511   +1.88104049E+01
tempmax0611   +1.98378584E+01
tempmax0811   +1.95491824E+01
tempmax0512   +1.97927097E+01
tempmax0612   +2.06018898E+01
tempmax0812   +2.00602838E+01
tempmax0513   +2.07112676E+01
tempmax0613   +2.10699237E+01
tempmax0813   +2.04427642E+01
tempmax0514   +2.15012564E+01
tempmax0614   +2.15098764E+01
tempmax0814   +2.08033639E+01
tempmax0515   +2.18037986E+01
tempmax0615   +2.19523167E+01
tempmax0815   +2.10166691E+01
tempmax0516   +2.18721965E+01
tempmax0616   +2.20794680E+01
tempmax0816   +2.11230747E+01
tempmax0517   +2.18705670E+01
tempmax0617   +2.21223899E+01
tempmax0817   +2.11752887E+01
tempmax0518   +2.17105241E+01
tempmax0618   +2.21183638E+01
tempmax0818   +2.11771700E+01
tempmax0519   +2.14214354E+01
tempmax0619   +2.19774168E+01
tempmax0819   +2.11156999E+01
tempmax0520   +2.11287053E+01
tempmax0620   +2.17972192E+01
tempmax0820   +2.09962369E+01
tempmax0521   +2.08454786E+01
tempmax0621   +2.15999639E+01
tempmax0821   +2.08531102E+01
tempmax0522   +2.05092189E+01
tempmax0622   +2.13553244E+01
tempmax0822   +2.06697156E+01
tempmax0523   +2.02268415E+01
tempmax0623   +2.11435465E+01
tempmax0823   +2.05074051E+01
pHave0500     +7.43791825E+00
pHave0600     +7.38768132E+00
pHave0800     +7.50955676E+00
pHave0501     +7.39832182E+00
pHave0601     +7.37483574E+00
pHave0801     +7.49087166E+00
pHave0502     +7.36824458E+00
pHave0602     +7.36364044E+00
pHave0802     +7.47462713E+00
pHave0503     +7.34013096E+00
pHave0603     +7.35182178E+00
pHave0803     +7.45753960E+00
pHave0504     +7.31621972E+00
pHave0604     +7.34045409E+00
pHave0804     +7.44119401E+00
pHave0505     +7.29766372E+00
pHave0605     +7.33051839E+00
pHave0805     +7.42700441E+00
pHave0506     +7.28275359E+00
pHave0606     +7.32147640E+00
pHave0806     +7.41628121E+00
pHave0507     +7.30231272E+00
pHave0607     +7.32445882E+00
pHave0807     +7.44776642E+00
pHave0508     +7.46631363E+00
pHave0608     +7.35821959E+00
pHave0808     +7.50576343E+00
pHave0509     +7.82725277E+00
pHave0609     +7.40220079E+00
pHave0809     +7.54259926E+00
pHave0510     +8.07488526E+00
pHave0610     +7.42066476E+00
pHave0810     +7.55918204E+00
pHave0511     +8.14477441E+00
pHave0611     +7.42959120E+00
pHave0811     +7.56934730E+00
pHave0512     +8.14360617E+00
pHave0612     +7.43580897E+00
pHave0812     +7.57829339E+00
pHave0513     +8.11347162E+00
pHave0613     +7.43999833E+00
pHave0813     +7.58532196E+00
pHave0514     +8.07801752E+00
pHave0614     +7.44326085E+00
pHave0814     +7.59073762E+00
pHave0515     +8.03822399E+00
pHave0615     +7.44595173E+00
pHave0815     +7.59574869E+00
pHave0516     +8.00509667E+00
pHave0616     +7.44834439E+00
pHave0816     +7.60057319E+00
pHave0517     +7.97289343E+00
pHave0617     +7.45068717E+00
pHave0817     +7.60441285E+00
pHave0518     +7.92625305E+00
pHave0618     +7.45212018E+00
pHave0818     +7.60679101E+00
pHave0519     +7.82977076E+00
pHave0619     +7.44950273E+00
pHave0819     +7.60320200E+00
pHave0520     +7.71752819E+00
pHave0620     +7.44036611E+00
pHave0820     +7.58979572E+00
pHave0521     +7.61710959E+00
pHave0621     +7.42649129E+00
pHave0821     +7.56855306E+00
pHave0522     +7.54079661E+00
pHave0622     +7.41267428E+00
pHave0822     +7.54768523E+00
pHave0523     +7.48636880E+00
pHave0623     +7.40035877E+00
pHave0823     +7.52935835E+00
pHmin0500     +7.41851116E+00
pHmin0600     +7.38174998E+00
pHmin0800     +7.50092093E+00
pHmin0501     +7.38560132E+00
pHmin0601     +7.37028671E+00
pHmin0801     +7.48426450E+00
pHmin0502     +7.35727110E+00
pHmin0602     +7.35926694E+00
pHmin0802     +7.46829202E+00
pHmin0503     +7.32861038E+00
pHmin0603     +7.34657915E+00
pHmin0803     +7.44998414E+00
pHmin0504     +7.30835920E+00
pHmin0604     +7.33642109E+00
pHmin0804     +7.43541817E+00
pHmin0505     +7.29086982E+00
pHmin0605     +7.32662936E+00
pHmin0805     +7.42147623E+00
pHmin0506     +7.28017536E+00
pHmin0606     +7.31973083E+00
pHmin0806     +7.41368794E+00
pHmin0507     +7.28555193E+00
pHmin0607     +7.32090591E+00
pHmin0807     +7.42665745E+00
pHmin0508     +7.34573035E+00
pHmin0608     +7.33466400E+00
pHmin0808     +7.48300289E+00
pHmin0509     +7.65959081E+00
pHmin0609     +7.38744252E+00
pHmin0809     +7.53158630E+00
pHmin0510     +8.01724416E+00
pHmin0610     +7.41613287E+00
pHmin0810     +7.55441744E+00
pHmin0511     +8.13043586E+00
pHmin0611     +7.42655535E+00
pHmin0811     +7.56561308E+00
pHmin0512     +8.13244565E+00
pHmin0612     +7.43364860E+00
pHmin0812     +7.57460761E+00
pHmin0513     +8.09971021E+00
pHmin0613     +7.43848455E+00
pHmin0813     +7.58294920E+00
pHmin0514     +8.06361087E+00
pHmin0614     +7.44209767E+00
pHmin0814     +7.58871320E+00
pHmin0515     +8.02212403E+00
pHmin0615     +7.44485259E+00
pHmin0815     +7.59358119E+00
pHmin0516     +7.99444448E+00
pHmin0616     +7.44740497E+00
pHmin0816     +7.59887935E+00
pHmin0517     +7.95822803E+00
pHmin0617     +7.44978157E+00
pHmin0817     +7.60298987E+00
pHmin0518     +7.90092051E+00
pHmin0618     +7.45190523E+00
pHmin0818     +7.60625228E+00
pHmin0519     +7.78316691E+00
pHmin0619     +7.44702107E+00
pHmin0819     +7.59965844E+00
pHmin0520     +7.67635488E+00
pHmin0620     +7.43537371E+00
pHmin0820     +7.58216402E+00
pHmin0521     +7.57904172E+00
pHmin0621     +7.42017143E+00
pHmin0821     +7.55894669E+00
pHmin0522     +7.51716664E+00
pHmin0622     +7.40770828E+00
pHmin0822     +7.54025947E+00
pHmin0523     +7.46716282E+00
pHmin0623     +7.39548859E+00
pHmin0823     +7.52216388E+00
pHmax0500     +7.45831394E+00
pHmax0600     +7.39367408E+00
pHmax0800     +7.51828959E+00
pHmax0501     +7.41147533E+00
pHmax0601     +7.37942103E+00
pHmax0801     +7.49753413E+00
pHmax0502     +7.37957510E+00
pHmax0602     +7.36804826E+00
pHmax0802     +7.48101601E+00
pHmax0503     +7.35212378E+00
pHmax0603     +7.35711432E+00
pHmax0803     +7.46517803E+00
pHmax0504     +7.32431646E+00
pHmax0604     +7.34451739E+00
pHmax0804     +7.44702053E+00
pHmax0505     +7.30465629E+00
pHmax0605     +7.33443498E+00
pHmax0805     +7.43258113E+00
pHmax0506     +7.28766453E+00
pHmax0606     +7.32471250E+00
pHmax0806     +7.41959068E+00
pHmax0507     +7.32382198E+00
pHmax0607     +7.32938576E+00
pHmax0807     +7.47075418E+00
pHmax0508     +7.59229090E+00
pHmax0608     +7.37932032E+00
pHmax0808     +7.52504960E+00
pHmax0509     +7.97207198E+00
pHmax0609     +7.41324273E+00
pHmax0809     +7.55157039E+00
pHmax0510     +8.11851002E+00
pHmax0610     +7.42478318E+00
pHmax0810     +7.56361555E+00
pHmax0511     +8.15233477E+00
pHmax0611     +7.43242393E+00
pHmax0811     +7.57293234E+00
pHmax0512     +8.15156847E+00
pHmax0612     +7.43770952E+00
pHmax0812     +7.58171244E+00
pHmax0513     +8.12667861E+00
pHmax0613     +7.44144598E+00
pHmax0813     +7.58762961E+00
pHmax0514     +8.09249646E+00
pHmax0614     +7.44436069E+00
pHmax0814     +7.59269385E+00
pHmax0515     +8.05623971E+00
pHmax0615     +7.44699363E+00
pHmax0815     +7.59799080E+00
pHmax0516     +8.01612184E+00
pHmax0616     +7.44930291E+00
pHmax0816     +7.60221750E+00
pHmax0517     +7.98862736E+00
pHmax0617     +7.45156426E+00
pHmax0817     +7.60573517E+00
pHmax0518     +7.95080914E+00
pHmax0618     +7.45226849E+00
pHmax0818     +7.60708302E+00
pHmax0519     +7.87760726E+00
pHmax0619     +7.45158546E+00
pHmax0819     +7.60610208E+00
pHmax0520     +7.76063636E+00
pHmax0620     +7.44520517E+00
pHmax0820     +7.59699797E+00
pHmax0521     +7.65789306E+00
pHmax0621     +7.43282963E+00
pHmax0821     +7.57823743E+00
pHmax0522     +7.56550656E+00
pHmax0622     +7.41766013E+00
pHmax0822     +7.55516020E+00
pHmax0523     +7.50634379E+00
pHmax0623     +7.40524621E+00
pHmax0823     +7.53659584E+00
